{
  "uid" : "e13b8736946256f6",
  "name" : "使用订单编号查询",
  "fullName" : "testcases.service_testing.PQ.test_name_list.TestNameList#test_namelist_0042",
  "historyId" : "ddb8c71dcd2dff4ba78c9a1a2110014b",
  "time" : {
    "start" : 1594631426165,
    "stop" : 1594631426582,
    "duration" : 417
  },
  "description" : "使用订单编号查询",
  "descriptionHtml" : "<p>使用订单编号查询</p>\n",
  "status" : "failed",
  "statusMessage" : "pytest_assume.plugin.FailedAssumption: \n1 Failed Assumptions:\n\ntestcases\\service_testing\\PQ\\test_name_list.py:1630: AssumptionFailure\n>>\tpytest.assume(db_res[0][0] == res1['Data']['RecordCount'])\nAssertionError: assert False",
  "statusTrace" : "tp = <class 'pytest_assume.plugin.FailedAssumption'>, value = None, tb = None\n\n    def reraise(tp, value, tb=None):\n        try:\n            if value is None:\n                value = tp()\n            if value.__traceback__ is not tb:\n>               raise value.with_traceback(tb)\nE               pytest_assume.plugin.FailedAssumption: \nE               1 Failed Assumptions:\nE               \nE               testcases\\service_testing\\PQ\\test_name_list.py:1630: AssumptionFailure\nE               >>\tpytest.assume(db_res[0][0] == res1['Data']['RecordCount'])\nE               AssertionError: assert False\n\nD:\\Python\\Python37\\lib\\site-packages\\six.py:695: FailedAssumption",
  "flaky" : false,
  "newFailed" : false,
  "beforeStages" : [ {
    "name" : "order_manage",
    "time" : {
      "start" : 1594631383279,
      "stop" : 1594631383279,
      "duration" : 0
    },
    "status" : "passed",
    "steps" : [ ],
    "attachments" : [ ],
    "parameters" : [ ],
    "shouldDisplayMessage" : false,
    "attachmentsCount" : 0,
    "stepsCount" : 0,
    "hasContent" : false
  }, {
    "name" : "weblogin",
    "time" : {
      "start" : 1594631305945,
      "stop" : 1594631306348,
      "duration" : 403
    },
    "status" : "passed",
    "steps" : [ ],
    "attachments" : [ ],
    "parameters" : [ ],
    "shouldDisplayMessage" : false,
    "attachmentsCount" : 0,
    "stepsCount" : 0,
    "hasContent" : false
  }, {
    "name" : "name_bind_order",
    "time" : {
      "start" : 1594631424743,
      "stop" : 1594631426165,
      "duration" : 1422
    },
    "status" : "passed",
    "steps" : [ ],
    "attachments" : [ ],
    "parameters" : [ ],
    "shouldDisplayMessage" : false,
    "attachmentsCount" : 0,
    "stepsCount" : 0,
    "hasContent" : false
  }, {
    "name" : "_Class__pytest_setup_method",
    "time" : {
      "start" : 1594631424509,
      "stop" : 1594631424513,
      "duration" : 4
    },
    "status" : "passed",
    "steps" : [ ],
    "attachments" : [ ],
    "parameters" : [ ],
    "shouldDisplayMessage" : false,
    "attachmentsCount" : 0,
    "stepsCount" : 0,
    "hasContent" : false
  }, {
    "name" : "name_manage",
    "time" : {
      "start" : 1594631370228,
      "stop" : 1594631370228,
      "duration" : 0
    },
    "status" : "passed",
    "steps" : [ ],
    "attachments" : [ ],
    "parameters" : [ ],
    "shouldDisplayMessage" : false,
    "attachmentsCount" : 0,
    "stepsCount" : 0,
    "hasContent" : false
  }, {
    "name" : "borrow_randow_fuction",
    "time" : {
      "start" : 1594631424513,
      "stop" : 1594631424628,
      "duration" : 115
    },
    "status" : "passed",
    "steps" : [ ],
    "attachments" : [ ],
    "parameters" : [ ],
    "shouldDisplayMessage" : false,
    "attachmentsCount" : 0,
    "stepsCount" : 0,
    "hasContent" : false
  }, {
    "name" : "_Class__pytest_setup_class",
    "time" : {
      "start" : 1594631370159,
      "stop" : 1594631370228,
      "duration" : 69
    },
    "status" : "passed",
    "steps" : [ ],
    "attachments" : [ ],
    "parameters" : [ ],
    "shouldDisplayMessage" : false,
    "attachmentsCount" : 0,
    "stepsCount" : 0,
    "hasContent" : false
  }, {
    "name" : "random_agent",
    "time" : {
      "start" : 1594631424628,
      "stop" : 1594631424743,
      "duration" : 115
    },
    "status" : "passed",
    "steps" : [ ],
    "attachments" : [ ],
    "parameters" : [ ],
    "shouldDisplayMessage" : false,
    "attachmentsCount" : 0,
    "stepsCount" : 0,
    "hasContent" : false
  } ],
  "testStage" : {
    "description" : "使用订单编号查询",
    "status" : "failed",
    "statusMessage" : "pytest_assume.plugin.FailedAssumption: \n1 Failed Assumptions:\n\ntestcases\\service_testing\\PQ\\test_name_list.py:1630: AssumptionFailure\n>>\tpytest.assume(db_res[0][0] == res1['Data']['RecordCount'])\nAssertionError: assert False",
    "statusTrace" : "tp = <class 'pytest_assume.plugin.FailedAssumption'>, value = None, tb = None\n\n    def reraise(tp, value, tb=None):\n        try:\n            if value is None:\n                value = tp()\n            if value.__traceback__ is not tb:\n>               raise value.with_traceback(tb)\nE               pytest_assume.plugin.FailedAssumption: \nE               1 Failed Assumptions:\nE               \nE               testcases\\service_testing\\PQ\\test_name_list.py:1630: AssumptionFailure\nE               >>\tpytest.assume(db_res[0][0] == res1['Data']['RecordCount'])\nE               AssertionError: assert False\n\nD:\\Python\\Python37\\lib\\site-packages\\six.py:695: FailedAssumption",
    "steps" : [ {
      "name" : "step1：使用存在的订单编号查询",
      "time" : {
        "start" : 1594631426165,
        "stop" : 1594631426364,
        "duration" : 199
      },
      "status" : "passed",
      "steps" : [ ],
      "attachments" : [ ],
      "parameters" : [ ],
      "shouldDisplayMessage" : false,
      "attachmentsCount" : 0,
      "stepsCount" : 0,
      "hasContent" : false
    }, {
      "name" : "预期结果：查询到对应的数据",
      "time" : {
        "start" : 1594631426364,
        "stop" : 1594631426464,
        "duration" : 100
      },
      "status" : "passed",
      "steps" : [ ],
      "attachments" : [ ],
      "parameters" : [ ],
      "shouldDisplayMessage" : false,
      "attachmentsCount" : 0,
      "stepsCount" : 0,
      "hasContent" : false
    }, {
      "name" : "step2：使用不存在的订单编号查询",
      "time" : {
        "start" : 1594631426464,
        "stop" : 1594631426571,
        "duration" : 107
      },
      "status" : "passed",
      "steps" : [ ],
      "attachments" : [ ],
      "parameters" : [ ],
      "shouldDisplayMessage" : false,
      "attachmentsCount" : 0,
      "stepsCount" : 0,
      "hasContent" : false
    }, {
      "name" : "预期结果：返回空列表",
      "time" : {
        "start" : 1594631426571,
        "stop" : 1594631426581,
        "duration" : 10
      },
      "status" : "passed",
      "steps" : [ ],
      "attachments" : [ ],
      "parameters" : [ ],
      "shouldDisplayMessage" : false,
      "attachmentsCount" : 0,
      "stepsCount" : 0,
      "hasContent" : false
    } ],
    "attachments" : [ {
      "uid" : "f994ff2d05d3d7ac",
      "name" : "log",
      "source" : "f994ff2d05d3d7ac.txt",
      "type" : "text/plain",
      "size" : 4373
    } ],
    "parameters" : [ ],
    "shouldDisplayMessage" : true,
    "attachmentsCount" : 1,
    "stepsCount" : 4,
    "hasContent" : true
  },
  "afterStages" : [ {
    "name" : "_Class__pytest_setup_method::0",
    "time" : {
      "start" : 1594631426601,
      "stop" : 1594631426601,
      "duration" : 0
    },
    "status" : "passed",
    "steps" : [ ],
    "attachments" : [ ],
    "parameters" : [ ],
    "shouldDisplayMessage" : false,
    "attachmentsCount" : 0,
    "stepsCount" : 0,
    "hasContent" : false
  }, {
    "name" : "_Class__pytest_setup_class::0",
    "time" : {
      "start" : 1594631470005,
      "stop" : 1594631470005,
      "duration" : 0
    },
    "status" : "passed",
    "steps" : [ ],
    "attachments" : [ ],
    "parameters" : [ ],
    "shouldDisplayMessage" : false,
    "attachmentsCount" : 0,
    "stepsCount" : 0,
    "hasContent" : false
  } ],
  "labels" : [ {
    "name" : "feature",
    "value" : "实接记录"
  }, {
    "name" : "story",
    "value" : "查询"
  }, {
    "name" : "severity",
    "value" : "critical"
  }, {
    "name" : "parentSuite",
    "value" : "testcases.service_testing.PQ"
  }, {
    "name" : "suite",
    "value" : "test_name_list"
  }, {
    "name" : "subSuite",
    "value" : "TestNameList"
  }, {
    "name" : "host",
    "value" : "DESKTOP-9JNMRHP"
  }, {
    "name" : "thread",
    "value" : "26496-MainThread"
  }, {
    "name" : "framework",
    "value" : "pytest"
  }, {
    "name" : "language",
    "value" : "cpython3"
  }, {
    "name" : "package",
    "value" : "testcases.service_testing.PQ.test_name_list"
  }, {
    "name" : "resultFormat",
    "value" : "allure2"
  } ],
  "parameters" : [ ],
  "links" : [ ],
  "hidden" : false,
  "retry" : false,
  "extra" : {
    "severity" : "critical",
    "retries" : [ {
      "uid" : "827c93a1ca57d858",
      "status" : "passed",
      "time" : {
        "start" : 1593589222969,
        "stop" : 1593589223215,
        "duration" : 246
      }
    } ],
    "categories" : [ {
      "name" : "Product defects",
      "matchedStatuses" : [ ],
      "flaky" : false
    } ],
    "tags" : [ ]
  },
  "source" : "e13b8736946256f6.json",
  "parameterValues" : [ ]
}